<?xml version="1.0" encoding="UTF-8"?>
<!-- Generated by org.testng.reporters.JUnitReportReporter -->
<testsuite hostname="ATMECSINDT-034" failures="0" tests="1" name="com.atmecs.testscripts.CheckoutTest" time="10.159" errors="0" timestamp="2019-08-06T16:13:20 IST" skipped="0">
  <testcase classname="com.atmecs.testscripts.CheckoutTest" name="checkout" time="10.159"/>
</testsuite> <!-- com.atmecs.testscripts.CheckoutTest -->
