<?xml version="1.0" encoding="UTF-8"?>
<!-- Generated by org.testng.reporters.JUnitReportReporter -->
<testsuite hostname="ATMECSINDT-034" failures="0" tests="1" name="com.atmecs.testscripts.CountProdTest" time="0.937" errors="0" timestamp="2019-08-06T16:13:20 IST" skipped="0">
  <testcase classname="com.atmecs.testscripts.CountProdTest" name="CountProdTest" time="0.937"/>
</testsuite> <!-- com.atmecs.testscripts.CountProdTest -->
