<?xml version="1.0" encoding="UTF-8"?>
<!-- Generated by org.testng.reporters.JUnitReportReporter -->
<testsuite hostname="ATMECSINDT-034" failures="0" tests="3" name="com.atmecs.testscripts.AddToCart" time="26.383" errors="0" timestamp="27 Aug 2019 15:06:24 GMT" skipped="0">
  <testcase classname="com.atmecs.testscripts.AddToCart" name="selectProduct" time="9.643"/>
  <testcase classname="com.atmecs.testscripts.AddToCart" name="selectProduct" time="14.071"/>
  <testcase classname="com.atmecs.testscripts.AddToCart" name="removeProduct" time="2.669"/>
</testsuite> <!-- com.atmecs.testscripts.AddToCart -->
