<?xml version="1.0" encoding="UTF-8"?>
<!-- Generated by org.testng.reporters.JUnitReportReporter -->
<testsuite hostname="ATMECSINDT-034" failures="0" tests="4" name="com.atmecs.testscripts.SearchTest" time="23.092" errors="0" timestamp="27 Aug 2019 15:06:24 GMT" skipped="0">
  <testcase classname="com.atmecs.testscripts.SearchTest" name="selectProduct" time="11.005"/>
  <testcase classname="com.atmecs.testscripts.SearchTest" name="selectProduct" time="8.907"/>
  <testcase classname="com.atmecs.testscripts.SearchTest" name="clickOnCart" time="3.141"/>
  <testcase classname="com.atmecs.testscripts.SearchTest" name="getTableCount" time="0.039"/>
</testsuite> <!-- com.atmecs.testscripts.SearchTest -->
