<?xml version="1.0" encoding="UTF-8"?>
<!-- Generated by org.testng.reporters.JUnitReportReporter -->
<testsuite hostname="ATMECSINDT-034" failures="0" tests="3" name="com.atmecs.testscripts.AddToCart" time="28.733" errors="0" timestamp="2019-08-27T20:34:25 IST" skipped="0">
  <testcase classname="com.atmecs.testscripts.AddToCart" name="selectProduct" time="17.514"/>
  <testcase classname="com.atmecs.testscripts.AddToCart" name="selectProduct" time="8.738"/>
  <testcase classname="com.atmecs.testscripts.AddToCart" name="removeProduct" time="2.481"/>
</testsuite> <!-- com.atmecs.testscripts.AddToCart -->
