<?xml version="1.0" encoding="UTF-8"?>
<!-- Generated by org.testng.reporters.JUnitReportReporter -->
<testsuite hostname="ATMECSINDT-034" failures="0" tests="4" name="com.atmecs.testscripts.SearchTest" time="22.413" errors="0" timestamp="2019-08-27T20:34:25 IST" skipped="0">
  <testcase classname="com.atmecs.testscripts.SearchTest" name="selectProduct" time="9.794"/>
  <testcase classname="com.atmecs.testscripts.SearchTest" name="selectProduct" time="9.172"/>
  <testcase classname="com.atmecs.testscripts.SearchTest" name="clickOnCart" time="3.412"/>
  <testcase classname="com.atmecs.testscripts.SearchTest" name="getTableCount" time="0.035"/>
</testsuite> <!-- com.atmecs.testscripts.SearchTest -->
