<?xml version="1.0" encoding="UTF-8"?>
<!-- Generated by org.testng.reporters.JUnitReportReporter -->
<testsuite hostname="ATMECSINDT-034" failures="0" tests="1" name="com.atmecs.testscripts.HomePage" time="0.086" errors="0" timestamp="2019-08-27T20:34:25 IST" skipped="0">
  <testcase classname="com.atmecs.testscripts.HomePage" name="navigateToUrl" time="0.086"/>
</testsuite> <!-- com.atmecs.testscripts.HomePage -->
